* ******************************************************************************

* iCEcube Placer

* Version:            2017.08.27940

* Build Date:         Sep 11 2017 17:12:22

* File Generated:     Oct 26 2020 19:37:13

* Purpose:            

* Copyright (C) 2006-2010 by Lattice Semiconductor Corp. All rights reserved.

* ******************************************************************************

Executing : C:\lscc\iCEcube2.2017.08\sbt_backend\bin\win32\opt\sbtplacer.exe --des-lib C:/Users/Nicky/Documents/GitHub/TheDarkTower/Gilead/Gilead_Implmnt\sbt\netlist\oadb-top --outdir C:/Users/Nicky/Documents/GitHub/TheDarkTower/Gilead/Gilead_Implmnt\sbt\outputs\placer --device-file C:\lscc\iCEcube2.2017.08\sbt_backend\devices\ICE40P08.dev --package CM81 --deviceMarketName iCE40LP8K --sdc-file C:/Users/Nicky/Documents/GitHub/TheDarkTower/Gilead/Gilead_Implmnt\sbt\Temp/sbt_temp.sdc --lib-file C:\lscc\iCEcube2.2017.08\sbt_backend\devices\ice40LP8K.lib --effort_level std --out-sdc-file C:/Users/Nicky/Documents/GitHub/TheDarkTower/Gilead/Gilead_Implmnt\sbt\outputs\placer\top_pl.sdc
I2004: Option and Settings Summary
=============================================================
Device file          - C:\lscc\iCEcube2.2017.08\sbt_backend\devices\ICE40P08.dev
Package              - CM81
Design database      - C:/Users/Nicky/Documents/GitHub/TheDarkTower/Gilead/Gilead_Implmnt\sbt\netlist\oadb-top
SDC file             - C:/Users/Nicky/Documents/GitHub/TheDarkTower/Gilead/Gilead_Implmnt\sbt\Temp/sbt_temp.sdc
Output directory     - C:/Users/Nicky/Documents/GitHub/TheDarkTower/Gilead/Gilead_Implmnt\sbt\outputs\placer
Timing library       - C:\lscc\iCEcube2.2017.08\sbt_backend\devices\ice40LP8K.lib
Effort level         - std

I2050: Starting reading inputs for placer
=============================================================
I2100: Reading design library: C:/Users/Nicky/Documents/GitHub/TheDarkTower/Gilead/Gilead_Implmnt\sbt\netlist\oadb-top/BFPGA_DESIGN_ep
I2065: Reading device file : C:\lscc\iCEcube2.2017.08\sbt_backend\devices\ICE40P08.dev
I2051: Reading of inputs for placer completed successfully

I2053: Starting placement of the design
=============================================================

Input Design Statistics
    Number of LUTs      	:	1
    Number of DFFs      	:	8
    Number of DFFs packed to IO	:	0
    Number of Carrys    	:	0
    Number of RAMs      	:	0
    Number of ROMs      	:	0
    Number of IOs       	:	3
    Number of GBIOs     	:	1
    Number of GBs       	:	0
    Number of WarmBoot  	:	0
    Number of PLLs      	:	0


Phase 1
I2077: Start design legalization
W2216: SB_GB_IO 'clk_sr_ibuf_gb_io' is assigned to a non-GB pin 'G2'. Replacing it with SB_IO 'clk_sr_ibuf_gb_io' and SB_GB 'clk_sr_ibuf_gb_io_gb'

Design Legalization Statistics
    Number of feedthru LUTs inserted to legalize input of DFFs     	:	8
    Number of feedthru LUTs inserted for LUTs driving multiple DFFs	:	0
    Number of LUTs replicated for LUTs driving multiple DFFs       	:	0
    Number of feedthru LUTs inserted to legalize output of CARRYs  	:	0
    Number of feedthru LUTs inserted to legalize global signals    	:	0
    Number of feedthru CARRYs inserted to legalize input of CARRYs 	:	0
    Number of inserted LUTs to Legalize IOs with PIN_TYPE= 01xxxx  	:	0
    Number of inserted LUTs to Legalize IOs with PIN_TYPE= 10xxxx  	:	0
    Number of inserted LUTs to Legalize IOs with PIN_TYPE= 11xxxx  	:	0
    Total LUTs inserted                                            	:	8
    Total CARRYs inserted                                          	:	0


I2078: Design legalization is completed successfully
I2088: Phase 1, elapsed time : 0.0 (sec)


Phase 2
I2088: Phase 2, elapsed time : 0.0 (sec)

Phase 3
Warning-1034: Found non-unate timing arc, from pin "PACKAGEPIN" to pin "DIN0" of instance "clk_sr_ibuf_gb_io", in the clock network. Converting the timing arc to positive-unate

Design Statistics after Packing
    Number of LUTs      	:	9
    Number of DFFs      	:	8
    Number of DFFs packed to IO	:	0
    Number of Carrys    	:	0

Device Utilization Summary after Packing
    Sequential LogicCells
        LUT and DFF      	:	8
        LUT, DFF and CARRY	:	0
    Combinational LogicCells
        Only LUT         	:	1
        CARRY Only       	:	0
        LUT with CARRY   	:	0
    LogicCells                  :	9/7680
    PLBs                        :	2/960
    BRAMs                       :	0/32
    IOs and GBIOs               :	4/63
    PLLs                        :	0/1


I2088: Phase 3, elapsed time : 0.2 (sec)

Phase 4
I2088: Phase 4, elapsed time : 0.2 (sec)

Phase 5
I2088: Phase 5, elapsed time : 0.0 (sec)

Phase 6
I2088: Phase 6, elapsed time : 7.6 (sec)

Final Design Statistics
    Number of LUTs      	:	9
    Number of DFFs      	:	8
    Number of DFFs packed to IO	:	0
    Number of Carrys    	:	0
    Number of RAMs      	:	0
    Number of ROMs      	:	0
    Number of IOs       	:	4
    Number of GBIOs     	:	0
    Number of GBs       	:	1
    Number of WarmBoot  	:	0
    Number of PLLs      	:	0

Device Utilization Summary
    LogicCells                  :	9/7680
    PLBs                        :	3/960
    BRAMs                       :	0/32
    IOs and GBIOs               :	4/63
    PLLs                        :	0/1



#####################################################################
Placement Timing Summary

The timing summary is based on estimated routing delays after
placement. For final timing report, please carry out the timing
analysis after routing.
=====================================================================

#####################################################################
                     Clock Summary 
=====================================================================
Number of clocks: 1
Clock: top|clk_sr | Frequency: 491.86 MHz | Target: 334.45 MHz

=====================================================================
                     End of Clock Summary
#####################################################################

I2054: Placement of design completed successfully

I2076: Placer run-time: 8.2 sec.

