---------------------------------------
Resource Usage Report for top 

Mapping to part: ice40lp8kcm81
Cell usage:
GND             1 use
SB_CARRY        18 uses
SB_DFF          1 use
SB_DFFSR        20 uses
SB_GB           1 use
VCC             1 use
SB_LUT4         34 uses

I/O ports: 3
I/O primitives: 3
SB_GB_IO       1 use
SB_IO          2 uses

I/O Register bits:                  0
Register bits not including I/Os:   21 (0%)

@S |Mapping Summary:
Total  LUTs: 34 (0%)

Distribution of All Consumed LUTs = LUT4 
Distribution of All Consumed Luts 34 = 34 

